This file contains any messages produced by compilers while
running configure, to aid debugging if configure makes a mistake.

It was created by CheckMATE configure 2.0.0, which was
generated by GNU Autoconf 2.69.  Invocation command line was

  $ ./configure --with-delphes=/Users/shadowquark/code/github/checkmate/tools/delphes

## --------- ##
## Platform. ##
## --------- ##

hostname = zhongyide-MacBook-Pro.local
uname -m = x86_64
uname -r = 17.5.0
uname -s = Darwin
uname -v = Darwin Kernel Version 17.5.0: Mon Mar  5 22:24:32 PST 2018; root:xnu-4570.51.1~1/RELEASE_X86_64

/usr/bin/uname -p = i386
/bin/uname -X     = unknown

/bin/arch              = unknown
/usr/bin/arch -k       = unknown
/usr/convex/getsysinfo = unknown
/usr/bin/hostinfo      = Mach kernel version:
	 Darwin Kernel Version 17.5.0: Mon Mar  5 22:24:32 PST 2018; root:xnu-4570.51.1~1/RELEASE_X86_64
Kernel configured for up to 8 processors.
4 processors are physically available.
8 processors are logically available.
Processor type: x86_64h (Intel x86-64h Haswell)
Processors active: 0 1 2 3 4 5 6 7
Primary memory available: 16.00 gigabytes
Default processor set: 345 tasks, 1709 threads, 8 processors
Load average: 1.66, Mach factor: 6.34
/bin/machine           = unknown
/usr/bin/oslevel       = unknown
/bin/universe          = unknown

PATH: /anaconda3/bin
PATH: /usr/local/bin
PATH: /usr/bin
PATH: /bin
PATH: /usr/sbin
PATH: /sbin


## ----------- ##
## Core tests. ##
## ----------- ##

configure:2664: checking for a BSD-compatible install
configure:2732: result: /usr/bin/install -c
configure:2743: checking whether build environment is sane
configure:2798: result: yes
configure:2836: WARNING: 'missing' script is too old or missing
configure:2949: checking for a thread-safe mkdir -p
configure:2988: result: ./install-sh -c -d
configure:2995: checking for gawk
configure:3025: result: no
configure:2995: checking for mawk
configure:3025: result: no
configure:2995: checking for nawk
configure:3025: result: no
configure:2995: checking for awk
configure:3011: found /usr/bin/awk
configure:3022: result: awk
configure:3033: checking whether make sets $(MAKE)
configure:3055: result: yes
configure:3084: checking whether make supports nested variables
configure:3101: result: yes
configure:3244: checking for g++
configure:3260: found /usr/bin/g++
configure:3271: result: g++
configure:3298: checking for C++ compiler version
configure:3307: g++ --version >&5
Apple LLVM version 9.1.0 (clang-902.0.39.1)
Target: x86_64-apple-darwin17.5.0
Thread model: posix
InstalledDir: /Library/Developer/CommandLineTools/usr/bin
Configured with: --prefix=/Library/Developer/CommandLineTools/usr --with-gxx-include-dir=/usr/include/c++/4.2.1
configure:3318: $? = 0
configure:3307: g++ -v >&5
Configured with: --prefix=/Library/Developer/CommandLineTools/usr --with-gxx-include-dir=/usr/include/c++/4.2.1
Apple LLVM version 9.1.0 (clang-902.0.39.1)
Target: x86_64-apple-darwin17.5.0
Thread model: posix
InstalledDir: /Library/Developer/CommandLineTools/usr/bin
configure:3318: $? = 0
configure:3307: g++ -V >&5
clang: error: argument to '-V' is missing (expected 1 value)
clang: error: no input files
configure:3318: $? = 1
configure:3307: g++ -qversion >&5
clang: error: unknown argument: '-qversion'
clang: error: no input files
configure:3318: $? = 1
configure:3338: checking whether the C++ compiler works
configure:3360: g++    conftest.cpp  >&5
configure:3364: $? = 0
configure:3412: result: yes
configure:3415: checking for C++ compiler default output file name
configure:3417: result: a.out
configure:3423: checking for suffix of executables
configure:3430: g++ -o conftest    conftest.cpp  >&5
configure:3434: $? = 0
configure:3456: result: 
configure:3478: checking whether we are cross compiling
configure:3486: g++ -o conftest    conftest.cpp  >&5
configure:3490: $? = 0
configure:3497: ./conftest
configure:3501: $? = 0
configure:3516: result: no
configure:3521: checking for suffix of object files
configure:3543: g++ -c   conftest.cpp >&5
configure:3547: $? = 0
configure:3568: result: o
configure:3572: checking whether we are using the GNU C++ compiler
configure:3591: g++ -c   conftest.cpp >&5
configure:3591: $? = 0
configure:3600: result: yes
configure:3609: checking whether g++ accepts -g
configure:3629: g++ -c -g  conftest.cpp >&5
configure:3629: $? = 0
configure:3670: result: yes
configure:3704: checking for style of include used by make
configure:3732: result: GNU
configure:3758: checking dependency style of g++
configure:3869: result: gcc3
configure:3916: checking build system type
configure:3930: result: i386-apple-darwin17.5.0
configure:3950: checking host system type
configure:3963: result: i386-apple-darwin17.5.0
configure:4031: checking for gcc
configure:4047: found /usr/bin/gcc
configure:4058: result: gcc
configure:4287: checking for C compiler version
configure:4296: gcc --version >&5
Apple LLVM version 9.1.0 (clang-902.0.39.1)
Target: x86_64-apple-darwin17.5.0
Thread model: posix
InstalledDir: /Library/Developer/CommandLineTools/usr/bin
Configured with: --prefix=/Library/Developer/CommandLineTools/usr --with-gxx-include-dir=/usr/include/c++/4.2.1
configure:4307: $? = 0
configure:4296: gcc -v >&5
Configured with: --prefix=/Library/Developer/CommandLineTools/usr --with-gxx-include-dir=/usr/include/c++/4.2.1
Apple LLVM version 9.1.0 (clang-902.0.39.1)
Target: x86_64-apple-darwin17.5.0
Thread model: posix
InstalledDir: /Library/Developer/CommandLineTools/usr/bin
configure:4307: $? = 0
configure:4296: gcc -V >&5
clang: error: argument to '-V' is missing (expected 1 value)
clang: error: no input files
configure:4307: $? = 1
configure:4296: gcc -qversion >&5
clang: error: unknown argument: '-qversion'
clang: error: no input files
configure:4307: $? = 1
configure:4311: checking whether we are using the GNU C compiler
configure:4330: gcc -c   conftest.c >&5
configure:4330: $? = 0
configure:4339: result: yes
configure:4348: checking whether gcc accepts -g
configure:4368: gcc -c -g  conftest.c >&5
configure:4368: $? = 0
configure:4409: result: yes
configure:4426: checking for gcc option to accept ISO C89
configure:4489: gcc  -c -g -O2  conftest.c >&5
configure:4489: $? = 0
configure:4502: result: none needed
configure:4524: checking dependency style of gcc
configure:4635: result: gcc3
configure:4650: checking for a sed that does not truncate output
configure:4714: result: /usr/bin/sed
configure:4732: checking for grep that handles long lines and -e
configure:4790: result: /usr/bin/grep
configure:4795: checking for egrep
configure:4857: result: /usr/bin/grep -E
configure:4862: checking for fgrep
configure:4924: result: /usr/bin/grep -F
configure:4959: checking for ld used by gcc
configure:5026: result: /Library/Developer/CommandLineTools/usr/bin/ld
configure:5033: checking if the linker (/Library/Developer/CommandLineTools/usr/bin/ld) is GNU ld
configure:5048: result: no
configure:5060: checking for BSD- or MS-compatible name lister (nm)
configure:5109: result: /usr/bin/nm -B
configure:5227: checking the name lister (/usr/bin/nm -B) interface
configure:5234: gcc -c -g -O2  conftest.c >&5
configure:5237: /usr/bin/nm -B "conftest.o"
configure:5240: output
00000000000001d4 S _some_variable
configure:5247: result: BSD nm
configure:5250: checking whether ln -s works
configure:5254: result: yes
configure:5262: checking the maximum length of command line arguments
configure:5382: result: 196608
configure:5399: checking whether the shell understands some XSI constructs
configure:5409: result: yes
configure:5413: checking whether the shell understands "+="
configure:5419: result: yes
configure:5454: checking for /Library/Developer/CommandLineTools/usr/bin/ld option to reload object files
configure:5461: result: -r
configure:5530: checking for objdump
configure:5546: found /usr/bin/objdump
configure:5557: result: objdump
configure:5589: checking how to recognize dependent libraries
configure:5785: result: pass_all
configure:5845: checking for ar
configure:5861: found /usr/bin/ar
configure:5872: result: ar
configure:5950: checking for strip
configure:5966: found /usr/bin/strip
configure:5977: result: strip
configure:6049: checking for ranlib
configure:6065: found /usr/bin/ranlib
configure:6076: result: ranlib
configure:6166: checking command to parse /usr/bin/nm -B output from gcc object
configure:6284: gcc -c -g -O2  conftest.c >&5
configure:6287: $? = 0
configure:6291: /usr/bin/nm -B conftest.o \| sed -n -e 's/^.*[	 ]\([BCDEGRST][BCDEGRST]*\)[	 ][	 ]*\([_A-Za-z][_A-Za-z0-9]*\)$/\1 \2 \2/p' \> conftest.nm
configure:6294: $? = 0
cannot find nm_test_var in conftest.nm
configure:6284: gcc -c -g -O2  conftest.c >&5
configure:6287: $? = 0
configure:6291: /usr/bin/nm -B conftest.o \| sed -n -e 's/^.*[	 ]\([BCDEGRST][BCDEGRST]*\)[	 ][	 ]*_\([_A-Za-z][_A-Za-z0-9]*\)$/\1 _\2 \2/p' \> conftest.nm
configure:6294: $? = 0
configure:6348: gcc -o conftest -g -O2   conftest.c conftstm.o >&5
warning: (x86_64)  could not find object file symbol for symbol _main
configure:6351: $? = 0
configure:6389: result: ok
configure:6654: checking for dsymutil
configure:6670: found /usr/bin/dsymutil
configure:6681: result: dsymutil
configure:6746: checking for nmedit
configure:6762: found /usr/bin/nmedit
configure:6773: result: nmedit
configure:6838: checking for lipo
configure:6854: found /usr/bin/lipo
configure:6865: result: lipo
configure:6930: checking for otool
configure:6946: found /usr/bin/otool
configure:6957: result: otool
configure:7022: checking for otool64
configure:7052: result: no
configure:7097: checking for -single_module linker flag
gcc -g -O2  -o libconftest.dylib -dynamiclib -Wl,-single_module conftest.c
configure:7124: result: yes
configure:7126: checking for -exported_symbols_list linker flag
configure:7146: gcc -o conftest -g -O2   -Wl,-exported_symbols_list,conftest.sym conftest.c  >&5
configure:7146: $? = 0
configure:7156: result: yes
configure:7198: checking how to run the C preprocessor
configure:7229: gcc -E  conftest.c
configure:7229: $? = 0
configure:7243: gcc -E  conftest.c
conftest.c:11:10: fatal error: 'ac_nonexistent.h' file not found
#include <ac_nonexistent.h>
         ^~~~~~~~~~~~~~~~~~
1 error generated.
configure:7243: $? = 1
configure: failed program was:
| /* confdefs.h */
| #define PACKAGE_NAME "CheckMATE"
| #define PACKAGE_TARNAME "checkmate"
| #define PACKAGE_VERSION "2.0.0"
| #define PACKAGE_STRING "CheckMATE 2.0.0"
| #define PACKAGE_BUGREPORT "daschm@uni-bonn.de"
| #define PACKAGE_URL ""
| #define PACKAGE "checkmate"
| #define VERSION "2.0.0"
| /* end confdefs.h.  */
| #include <ac_nonexistent.h>
configure:7268: result: gcc -E
configure:7288: gcc -E  conftest.c
configure:7288: $? = 0
configure:7302: gcc -E  conftest.c
conftest.c:11:10: fatal error: 'ac_nonexistent.h' file not found
#include <ac_nonexistent.h>
         ^~~~~~~~~~~~~~~~~~
1 error generated.
configure:7302: $? = 1
configure: failed program was:
| /* confdefs.h */
| #define PACKAGE_NAME "CheckMATE"
| #define PACKAGE_TARNAME "checkmate"
| #define PACKAGE_VERSION "2.0.0"
| #define PACKAGE_STRING "CheckMATE 2.0.0"
| #define PACKAGE_BUGREPORT "daschm@uni-bonn.de"
| #define PACKAGE_URL ""
| #define PACKAGE "checkmate"
| #define VERSION "2.0.0"
| /* end confdefs.h.  */
| #include <ac_nonexistent.h>
configure:7331: checking for ANSI C header files
configure:7351: gcc -c -g -O2  conftest.c >&5
configure:7351: $? = 0
configure:7424: gcc -o conftest -g -O2   conftest.c  >&5
configure:7424: $? = 0
configure:7424: ./conftest
configure:7424: $? = 0
configure:7435: result: yes
configure:7448: checking for sys/types.h
configure:7448: gcc -c -g -O2  conftest.c >&5
configure:7448: $? = 0
configure:7448: result: yes
configure:7448: checking for sys/stat.h
configure:7448: gcc -c -g -O2  conftest.c >&5
configure:7448: $? = 0
configure:7448: result: yes
configure:7448: checking for stdlib.h
configure:7448: gcc -c -g -O2  conftest.c >&5
configure:7448: $? = 0
configure:7448: result: yes
configure:7448: checking for string.h
configure:7448: gcc -c -g -O2  conftest.c >&5
configure:7448: $? = 0
configure:7448: result: yes
configure:7448: checking for memory.h
configure:7448: gcc -c -g -O2  conftest.c >&5
configure:7448: $? = 0
configure:7448: result: yes
configure:7448: checking for strings.h
configure:7448: gcc -c -g -O2  conftest.c >&5
configure:7448: $? = 0
configure:7448: result: yes
configure:7448: checking for inttypes.h
configure:7448: gcc -c -g -O2  conftest.c >&5
configure:7448: $? = 0
configure:7448: result: yes
configure:7448: checking for stdint.h
configure:7448: gcc -c -g -O2  conftest.c >&5
configure:7448: $? = 0
configure:7448: result: yes
configure:7448: checking for unistd.h
configure:7448: gcc -c -g -O2  conftest.c >&5
configure:7448: $? = 0
configure:7448: result: yes
configure:7462: checking for dlfcn.h
configure:7462: gcc -c -g -O2  conftest.c >&5
configure:7462: $? = 0
configure:7462: result: yes
configure:7587: checking for C++ compiler version
configure:7596: g++ --version >&5
Apple LLVM version 9.1.0 (clang-902.0.39.1)
Target: x86_64-apple-darwin17.5.0
Thread model: posix
InstalledDir: /Library/Developer/CommandLineTools/usr/bin
Configured with: --prefix=/Library/Developer/CommandLineTools/usr --with-gxx-include-dir=/usr/include/c++/4.2.1
configure:7607: $? = 0
configure:7596: g++ -v >&5
Configured with: --prefix=/Library/Developer/CommandLineTools/usr --with-gxx-include-dir=/usr/include/c++/4.2.1
Apple LLVM version 9.1.0 (clang-902.0.39.1)
Target: x86_64-apple-darwin17.5.0
Thread model: posix
InstalledDir: /Library/Developer/CommandLineTools/usr/bin
configure:7607: $? = 0
configure:7596: g++ -V >&5
clang: error: argument to '-V' is missing (expected 1 value)
clang: error: no input files
configure:7607: $? = 1
configure:7596: g++ -qversion >&5
clang: error: unknown argument: '-qversion'
clang: error: no input files
configure:7607: $? = 1
configure:7611: checking whether we are using the GNU C++ compiler
configure:7639: result: yes
configure:7648: checking whether g++ accepts -g
configure:7709: result: yes
configure:7734: checking dependency style of g++
configure:7845: result: gcc3
configure:7868: checking how to run the C++ preprocessor
configure:7895: g++ -E  conftest.cpp
configure:7895: $? = 0
configure:7909: g++ -E  conftest.cpp
conftest.cpp:22:10: fatal error: 'ac_nonexistent.h' file not found
#include <ac_nonexistent.h>
         ^~~~~~~~~~~~~~~~~~
1 error generated.
configure:7909: $? = 1
configure: failed program was:
| /* confdefs.h */
| #define PACKAGE_NAME "CheckMATE"
| #define PACKAGE_TARNAME "checkmate"
| #define PACKAGE_VERSION "2.0.0"
| #define PACKAGE_STRING "CheckMATE 2.0.0"
| #define PACKAGE_BUGREPORT "daschm@uni-bonn.de"
| #define PACKAGE_URL ""
| #define PACKAGE "checkmate"
| #define VERSION "2.0.0"
| #define STDC_HEADERS 1
| #define HAVE_SYS_TYPES_H 1
| #define HAVE_SYS_STAT_H 1
| #define HAVE_STDLIB_H 1
| #define HAVE_STRING_H 1
| #define HAVE_MEMORY_H 1
| #define HAVE_STRINGS_H 1
| #define HAVE_INTTYPES_H 1
| #define HAVE_STDINT_H 1
| #define HAVE_UNISTD_H 1
| #define HAVE_DLFCN_H 1
| /* end confdefs.h.  */
| #include <ac_nonexistent.h>
configure:7934: result: g++ -E
configure:7954: g++ -E  conftest.cpp
configure:7954: $? = 0
configure:7968: g++ -E  conftest.cpp
conftest.cpp:22:10: fatal error: 'ac_nonexistent.h' file not found
#include <ac_nonexistent.h>
         ^~~~~~~~~~~~~~~~~~
1 error generated.
configure:7968: $? = 1
configure: failed program was:
| /* confdefs.h */
| #define PACKAGE_NAME "CheckMATE"
| #define PACKAGE_TARNAME "checkmate"
| #define PACKAGE_VERSION "2.0.0"
| #define PACKAGE_STRING "CheckMATE 2.0.0"
| #define PACKAGE_BUGREPORT "daschm@uni-bonn.de"
| #define PACKAGE_URL ""
| #define PACKAGE "checkmate"
| #define VERSION "2.0.0"
| #define STDC_HEADERS 1
| #define HAVE_SYS_TYPES_H 1
| #define HAVE_SYS_STAT_H 1
| #define HAVE_STDLIB_H 1
| #define HAVE_STRING_H 1
| #define HAVE_MEMORY_H 1
| #define HAVE_STRINGS_H 1
| #define HAVE_INTTYPES_H 1
| #define HAVE_STDINT_H 1
| #define HAVE_UNISTD_H 1
| #define HAVE_DLFCN_H 1
| /* end confdefs.h.  */
| #include <ac_nonexistent.h>
configure:8174: checking for objdir
configure:8189: result: .libs
configure:8485: checking if gcc supports -fno-rtti -fno-exceptions
configure:8503: gcc -c -g -O2  -fno-rtti -fno-exceptions conftest.c >&5
configure:8507: $? = 0
configure:8520: result: yes
configure:8540: checking for gcc option to produce PIC
configure:8812: result: -fno-common -DPIC
configure:8824: checking if gcc PIC flag -fno-common -DPIC works
configure:8842: gcc -c -g -O2  -fno-common -DPIC -DPIC conftest.c >&5
configure:8846: $? = 0
configure:8859: result: yes
configure:8883: checking if gcc static flag -static works
configure:8911: result: no
configure:8926: checking if gcc supports -c -o file.o
configure:8947: gcc -c -g -O2  -o out/conftest2.o conftest.c >&5
configure:8951: $? = 0
configure:8973: result: yes
configure:8981: checking if gcc supports -c -o file.o
configure:9028: result: yes
configure:9061: checking whether the gcc linker (/Library/Developer/CommandLineTools/usr/bin/ld) supports shared libraries
configure:10047: result: yes
configure:10286: checking dynamic linker characteristics
configure:10937: result: darwin17.5.0 dyld
configure:11039: checking how to hardcode library paths into programs
configure:11064: result: immediate
configure:11584: checking whether stripping libraries is possible
configure:11598: result: yes
configure:11624: checking if libtool supports shared libraries
configure:11626: result: yes
configure:11629: checking whether to build shared libraries
configure:11650: result: yes
configure:11653: checking whether to build static libraries
configure:11657: result: yes
configure:11807: checking for ld used by g++
configure:11874: result: /Library/Developer/CommandLineTools/usr/bin/ld
configure:11881: checking if the linker (/Library/Developer/CommandLineTools/usr/bin/ld) is GNU ld
configure:11896: result: no
configure:11951: checking whether the g++ linker (/Library/Developer/CommandLineTools/usr/bin/ld) supports shared libraries
configure:12864: result: yes
configure:12892: g++ -c -g -O2  conftest.cpp >&5
configure:12895: $? = 0
configure:13077: checking for g++ option to produce PIC
configure:13394: result: -fno-common -DPIC
configure:13403: checking if g++ PIC flag -fno-common -DPIC works
configure:13421: g++ -c -g -O2  -fno-common -DPIC -DPIC conftest.cpp >&5
configure:13425: $? = 0
configure:13438: result: yes
configure:13459: checking if g++ static flag -static works
configure:13487: result: no
configure:13499: checking if g++ supports -c -o file.o
configure:13520: g++ -c -g -O2  -o out/conftest2.o conftest.cpp >&5
configure:13524: $? = 0
configure:13546: result: yes
configure:13551: checking if g++ supports -c -o file.o
configure:13598: result: yes
configure:13628: checking whether the g++ linker (/Library/Developer/CommandLineTools/usr/bin/ld) supports shared libraries
configure:13654: result: yes
configure:13791: checking dynamic linker characteristics
configure:14390: result: darwin17.5.0 dyld
configure:14441: checking how to hardcode library paths into programs
configure:14466: result: immediate
configure:14532: checking for ANSI C header files
configure:14636: result: yes
configure:14646: checking iostream usability
configure:14646: g++ -c -g -O2  conftest.cpp >&5
configure:14646: $? = 0
configure:14646: result: yes
configure:14646: checking iostream presence
configure:14646: g++ -E  conftest.cpp
configure:14646: $? = 0
configure:14646: result: yes
configure:14646: checking for iostream
configure:14646: result: yes
configure:14658: checking ostream usability
configure:14658: g++ -c -g -O2  conftest.cpp >&5
configure:14658: $? = 0
configure:14658: result: yes
configure:14658: checking ostream presence
configure:14658: g++ -E  conftest.cpp
configure:14658: $? = 0
configure:14658: result: yes
configure:14658: checking for ostream
configure:14658: result: yes
configure:14670: checking fstream usability
configure:14670: g++ -c -g -O2  conftest.cpp >&5
configure:14670: $? = 0
configure:14670: result: yes
configure:14670: checking fstream presence
configure:14670: g++ -E  conftest.cpp
configure:14670: $? = 0
configure:14670: result: yes
configure:14670: checking for fstream
configure:14670: result: yes
configure:14682: checking whether g++ supports C++11 features by default
configure:14706: g++ -c -g -O2  conftest.cpp >&5
conftest.cpp:31:24: error: expected parameter declarator
                static_assert(sizeof(int) <= sizeof(T), "not big enough");
                              ^
conftest.cpp:31:24: error: expected ')'
conftest.cpp:31:23: note: to match this '('
                static_assert(sizeof(int) <= sizeof(T), "not big enough");
                             ^
conftest.cpp:31:10: error: C++ requires a type specifier for all declarations
                static_assert(sizeof(int) <= sizeof(T), "not big enough");
                ^
conftest.cpp:34:29: error: a space is required between consecutive right angle brackets (use '> >')
    typedef check<check<bool>> right_angle_brackets;
                            ^~
                            > >
conftest.cpp:37:9: error: unknown type name 'decltype'
        decltype(a) b;
        ^
conftest.cpp:37:20: error: expected ';' after top level declarator
        decltype(a) b;
                   ^
                   ;
conftest.cpp:41:16: warning: rvalue references are a C++11 extension [-Wc++11-extensions]
            check_type&& cr = static_cast<check_type&&>(c);
                      ^
conftest.cpp:41:46: warning: rvalue references are a C++11 extension [-Wc++11-extensions]
            check_type&& cr = static_cast<check_type&&>(c);
                                                    ^
2 warnings and 6 errors generated.
configure:14706: $? = 1
configure: failed program was:
| /* confdefs.h */
| #define PACKAGE_NAME "CheckMATE"
| #define PACKAGE_TARNAME "checkmate"
| #define PACKAGE_VERSION "2.0.0"
| #define PACKAGE_STRING "CheckMATE 2.0.0"
| #define PACKAGE_BUGREPORT "daschm@uni-bonn.de"
| #define PACKAGE_URL ""
| #define PACKAGE "checkmate"
| #define VERSION "2.0.0"
| #define STDC_HEADERS 1
| #define HAVE_SYS_TYPES_H 1
| #define HAVE_SYS_STAT_H 1
| #define HAVE_STDLIB_H 1
| #define HAVE_STRING_H 1
| #define HAVE_MEMORY_H 1
| #define HAVE_STRINGS_H 1
| #define HAVE_INTTYPES_H 1
| #define HAVE_STDINT_H 1
| #define HAVE_UNISTD_H 1
| #define HAVE_DLFCN_H 1
| #define LT_OBJDIR ".libs/"
| #define STDC_HEADERS 1
| #define HAVE_IOSTREAM 1
| #define HAVE_OSTREAM 1
| #define HAVE_FSTREAM 1
| /* end confdefs.h.  */
| 
|   template <typename T>
|       struct check
|           {
| 	        static_assert(sizeof(int) <= sizeof(T), "not big enough");
| 		    };
| 
|     typedef check<check<bool>> right_angle_brackets;
| 
|     int a;
|         decltype(a) b;
| 
|     typedef check<int> check_type;
|         check_type c;
| 	    check_type&& cr = static_cast<check_type&&>(c);
| 
configure:14713: result: no
configure:14722: checking whether g++ supports C++11 features with -std=gnu++11
configure:14748: g++ -c -g -O2 -std=gnu++11  conftest.cpp >&5
configure:14748: $? = 0
configure:14757: result: yes
configure:14822: checking for HepMC location
configure:14835: result: not found
configure:14910: checking for Pythia8 location
configure:14923: result: "not found"
configure:14934: checking for gzip include (optional)
configure:14945: result: not found
configure:14952: checking for gzip library (optional)
configure:14963: result: not found
configure:15057: checking for python
configure:15067: checking for python
configure:15085: found /anaconda3/bin/python
configure:15098: result: /anaconda3/bin/python
configure:15106: result: /anaconda3/bin/python
configure:15118: checking whether /anaconda3/bin/python version is >= 2.7.3
configure:15129: /anaconda3/bin/python -c import sys # split strings by '.' and convert to numeric. Append some zeros # because we need at least 4 digits for the hex conversion. # map returns an iterator in Python 3.0 and a list in 2.x minver = list(map(int, '2.7.3'.split('.'))) + [0, 0, 0] minverhex = 0 # xrange is not present in Python 3.0 and range returns an iterator for i in list(range(0, 4)): minverhex = (minverhex << 8) + minver[i] sys.exit(sys.hexversion < minverhex)
configure:15132: $? = 0
configure:15134: result: yes
configure:15227: checking for /anaconda3/bin/python version
configure:15234: result: 3.6
configure:15246: checking for /anaconda3/bin/python platform
configure:15253: result: darwin
configure:15279: checking for /anaconda3/bin/python script directory
configure:15314: result: ${prefix}/lib/python3.6/site-packages
configure:15323: checking for /anaconda3/bin/python extension module directory
configure:15358: result: ${exec_prefix}/lib/python3.6/site-packages
configure:15389: checking for root-config
configure:15407: found /usr/local/bin/root-config
configure:15420: result: /usr/local/bin/root-config
configure:15430: checking for root
configure:15448: found /usr/local/bin/root
configure:15461: result: /usr/local/bin/root
configure:15471: checking for rootcint
configure:15489: found /usr/local/bin/rootcint
configure:15502: result: /usr/local/bin/rootcint
configure:15529: checking whether ROOT version >= 5.20
configure:15538: result: yes
configure:15592: checking for Delphes location
configure:15609: result: /Users/shadowquark/code/github/checkmate/tools/delphes
configure:15655: checking for MadGraph location
configure:15667: result: "not found"
configure:15866: checking that generated files are newer than configure
configure:15872: result: done
configure:15927: creating ./config.status

## ---------------------- ##
## Running config.status. ##
## ---------------------- ##

This file was extended by CheckMATE config.status 2.0.0, which was
generated by GNU Autoconf 2.69.  Invocation command line was

  CONFIG_FILES    = 
  CONFIG_HEADERS  = 
  CONFIG_LINKS    = 
  CONFIG_COMMANDS = 
  $ ./config.status 

on zhongyide-MacBook-Pro.local

config.status:1104: creating Makefile
config.status:1104: creating tools/analysis/Makefile
config.status:1104: creating tools/fritz/Makefile
config.status:1276: executing depfiles commands
config.status:1276: executing libtool commands
configure:18213: result: 
configure:18215: result: === Subconfigurations Done ===
configure:18217: result: Configuration of CheckMATE finished. Run 'make' to compile. If you have more than one core, you can use -j2 or even -j4 to speed up the compilation process.
configure:18219: result: 
configure:18223: result: 
configure:18225: result: === IMPORANT! ===
configure:18227: result: You did not provide any link to MG5_aMC@NLO using the --with-madgraph parameter. If you continue you will not be able to
configure:18229: result:    - Simulate parton events using MG5_aMC@NLO
configure:18234: result: 
configure:18236: result: === IMPORANT! ===
configure:18238: result: You did not provide any link to Pythia8 using the --with-pythia parameter. If you continue you will not be able to
configure:18240: result:    - Simulate events using Pythia
configure:18242: result:    - Shower .lhe events using Pythia
configure:18244: result:    - Simulate parton events using MG5_aMC@NLO (even if you provide --with-madgraph!)
configure:18249: result: 
configure:18251: result: === IMPORANT! ===
configure:18253: result: You did not provide any link to HepMC using the --with-hepmc parameter. If you continue you will not be able to
configure:18255: result:    - Create .hepmc output events using Pythia

## ---------------- ##
## Cache variables. ##
## ---------------- ##

ac_cv_build=i386-apple-darwin17.5.0
ac_cv_c_compiler_gnu=yes
ac_cv_cxx_compiler_gnu=yes
ac_cv_env_CCC_set=
ac_cv_env_CCC_value=
ac_cv_env_CC_set=
ac_cv_env_CC_value=
ac_cv_env_CFLAGS_set=
ac_cv_env_CFLAGS_value=
ac_cv_env_CPPFLAGS_set=
ac_cv_env_CPPFLAGS_value=
ac_cv_env_CPP_set=
ac_cv_env_CPP_value=
ac_cv_env_CXXCPP_set=
ac_cv_env_CXXCPP_value=
ac_cv_env_CXXFLAGS_set=
ac_cv_env_CXXFLAGS_value=
ac_cv_env_CXX_set=
ac_cv_env_CXX_value=
ac_cv_env_LDFLAGS_set=
ac_cv_env_LDFLAGS_value=
ac_cv_env_LIBS_set=
ac_cv_env_LIBS_value=
ac_cv_env_PYTHON_set=
ac_cv_env_PYTHON_value=
ac_cv_env_build_alias_set=
ac_cv_env_build_alias_value=
ac_cv_env_host_alias_set=
ac_cv_env_host_alias_value=
ac_cv_env_target_alias_set=
ac_cv_env_target_alias_value=
ac_cv_header_dlfcn_h=yes
ac_cv_header_fstream=yes
ac_cv_header_inttypes_h=yes
ac_cv_header_iostream=yes
ac_cv_header_memory_h=yes
ac_cv_header_ostream=yes
ac_cv_header_stdc=yes
ac_cv_header_stdint_h=yes
ac_cv_header_stdlib_h=yes
ac_cv_header_string_h=yes
ac_cv_header_strings_h=yes
ac_cv_header_sys_stat_h=yes
ac_cv_header_sys_types_h=yes
ac_cv_header_unistd_h=yes
ac_cv_host=i386-apple-darwin17.5.0
ac_cv_objext=o
ac_cv_path_EGREP='/usr/bin/grep -E'
ac_cv_path_FGREP='/usr/bin/grep -F'
ac_cv_path_GREP=/usr/bin/grep
ac_cv_path_PYTHON=/anaconda3/bin/python
ac_cv_path_ROOTCINT=/usr/local/bin/rootcint
ac_cv_path_ROOTCONF=/usr/local/bin/root-config
ac_cv_path_ROOTEXEC=/usr/local/bin/root
ac_cv_path_SED=/usr/bin/sed
ac_cv_path_install='/usr/bin/install -c'
ac_cv_prog_AWK=awk
ac_cv_prog_CPP='gcc -E'
ac_cv_prog_CXXCPP='g++ -E'
ac_cv_prog_ac_ct_AR=ar
ac_cv_prog_ac_ct_CC=gcc
ac_cv_prog_ac_ct_CXX=g++
ac_cv_prog_ac_ct_DSYMUTIL=dsymutil
ac_cv_prog_ac_ct_LIPO=lipo
ac_cv_prog_ac_ct_NMEDIT=nmedit
ac_cv_prog_ac_ct_OBJDUMP=objdump
ac_cv_prog_ac_ct_OTOOL=otool
ac_cv_prog_ac_ct_RANLIB=ranlib
ac_cv_prog_ac_ct_STRIP=strip
ac_cv_prog_cc_c89=
ac_cv_prog_cc_g=yes
ac_cv_prog_cxx_g=yes
ac_cv_prog_make_make_set=yes
am_cv_CC_dependencies_compiler_type=gcc3
am_cv_CXX_dependencies_compiler_type=gcc3
am_cv_make_support_nested_variables=yes
am_cv_python_platform=darwin
am_cv_python_pyexecdir='${exec_prefix}/lib/python3.6/site-packages'
am_cv_python_pythondir='${prefix}/lib/python3.6/site-packages'
am_cv_python_version=3.6
ax_cv_cxx_compile_cxx11=no
ax_cv_cxx_compile_cxx11__std_gnupp11=yes
lt_cv_apple_cc_single_mod=yes
lt_cv_deplibs_check_method=pass_all
lt_cv_file_magic_cmd='$MAGIC_CMD'
lt_cv_file_magic_test_file=
lt_cv_ld_exported_symbols_list=yes
lt_cv_ld_reload_flag=-r
lt_cv_nm_interface='BSD nm'
lt_cv_objdir=.libs
lt_cv_path_LD=/Library/Developer/CommandLineTools/usr/bin/ld
lt_cv_path_LDCXX=/Library/Developer/CommandLineTools/usr/bin/ld
lt_cv_path_NM='/usr/bin/nm -B'
lt_cv_prog_compiler_c_o=yes
lt_cv_prog_compiler_c_o_CXX=yes
lt_cv_prog_compiler_pic_works=yes
lt_cv_prog_compiler_pic_works_CXX=yes
lt_cv_prog_compiler_rtti_exceptions=yes
lt_cv_prog_compiler_static_works=no
lt_cv_prog_compiler_static_works_CXX=no
lt_cv_prog_gnu_ld=no
lt_cv_prog_gnu_ldcxx=no
lt_cv_sys_global_symbol_pipe='sed -n -e '\''s/^.*[	 ]\([BCDEGRST][BCDEGRST]*\)[	 ][	 ]*_\([_A-Za-z][_A-Za-z0-9]*\)$/\1 _\2 \2/p'\'''
lt_cv_sys_global_symbol_to_c_name_address='sed -n -e '\''s/^: \([^ ]*\) $/  {\"\1\", (void *) 0},/p'\'' -e '\''s/^[BCDEGRST]* \([^ ]*\) \([^ ]*\)$/  {"\2", (void *) \&\2},/p'\'''
lt_cv_sys_global_symbol_to_c_name_address_lib_prefix='sed -n -e '\''s/^: \([^ ]*\) $/  {\"\1\", (void *) 0},/p'\'' -e '\''s/^[BCDEGRST]* \([^ ]*\) \(lib[^ ]*\)$/  {"\2", (void *) \&\2},/p'\'' -e '\''s/^[BCDEGRST]* \([^ ]*\) \([^ ]*\)$/  {"lib\2", (void *) \&\2},/p'\'''
lt_cv_sys_global_symbol_to_cdecl='sed -n -e '\''s/^T .* \(.*\)$/extern int \1();/p'\'' -e '\''s/^[BCDEGRST]* .* \(.*\)$/extern char \1;/p'\'''
lt_cv_sys_max_cmd_len=196608

## ----------------- ##
## Output variables. ##
## ----------------- ##

ACLOCAL='aclocal-1.13'
AMDEPBACKSLASH='\'
AMDEP_FALSE='#'
AMDEP_TRUE=''
AMTAR='$${TAR-tar}'
AM_BACKSLASH='\'
AM_DEFAULT_V='$(AM_DEFAULT_VERBOSITY)'
AM_DEFAULT_VERBOSITY='1'
AM_V='$(V)'
AR='ar'
AUTOCONF='autoconf'
AUTOHEADER='autoheader'
AUTOMAKE='automake-1.13'
AWK='awk'
CC='gcc'
CCDEPMODE='depmode=gcc3'
CFLAGS='-g -O2'
CPP='gcc -E'
CPPFLAGS=''
CREATE_HEPMC=''
CXX='g++'
CXXCPP='g++ -E'
CXXDEPMODE='depmode=gcc3'
CXXFLAGS='-g -O2 -std=gnu++11'
CYGPATH_W='echo'
DEFS='-DPACKAGE_NAME=\"CheckMATE\" -DPACKAGE_TARNAME=\"checkmate\" -DPACKAGE_VERSION=\"2.0.0\" -DPACKAGE_STRING=\"CheckMATE\ 2.0.0\" -DPACKAGE_BUGREPORT=\"daschm@uni-bonn.de\" -DPACKAGE_URL=\"\" -DPACKAGE=\"checkmate\" -DVERSION=\"2.0.0\" -DSTDC_HEADERS=1 -DHAVE_SYS_TYPES_H=1 -DHAVE_SYS_STAT_H=1 -DHAVE_STDLIB_H=1 -DHAVE_STRING_H=1 -DHAVE_MEMORY_H=1 -DHAVE_STRINGS_H=1 -DHAVE_INTTYPES_H=1 -DHAVE_STDINT_H=1 -DHAVE_UNISTD_H=1 -DHAVE_DLFCN_H=1 -DLT_OBJDIR=\".libs/\" -DSTDC_HEADERS=1 -DHAVE_IOSTREAM=1 -DHAVE_OSTREAM=1 -DHAVE_FSTREAM=1'
DELPHESCFLAGS='-I/Users/shadowquark/code/github/checkmate/tools/delphes -I/Users/shadowquark/code/github/checkmate/tools/delphes/external'
DELPHESINCLUDE=''
DELPHESLIBDIR='/Users/shadowquark/code/github/checkmate/tools/delphes'
DELPHESLIBS='-lEG -lDelphes'
DEPDIR='.deps'
DSYMUTIL='dsymutil'
DUMPBIN=''
DYLD_LIBRARY_PATH=''
ECHO_C='\c'
ECHO_N=''
ECHO_T=''
EGREP='/usr/bin/grep -E'
EXEEXT=''
FGREP='/usr/bin/grep -F'
GREP='/usr/bin/grep'
GZIPINC=''
GZIPLIB=''
HAVE_DELPHES_FALSE='#'
HAVE_DELPHES_TRUE=''
HAVE_GZIPINC_FALSE=''
HAVE_GZIPINC_TRUE='#'
HAVE_GZIPLIB_FALSE=''
HAVE_GZIPLIB_TRUE='#'
HAVE_HEPMC_FALSE=''
HAVE_HEPMC_TRUE='#'
HAVE_MADGRAPH_FALSE=''
HAVE_MADGRAPH_TRUE='#'
HAVE_PYTHIA_FALSE=''
HAVE_PYTHIA_TRUE='#'
HEPMCINCLUDE=''
HEPMCLIBDIR=''
HEPMCLIBS=''
INSTALL_DATA='${INSTALL} -m 644'
INSTALL_PROGRAM='${INSTALL}'
INSTALL_SCRIPT='${INSTALL}'
INSTALL_STRIP_PROGRAM='$(install_sh) -c -s'
LD='/Library/Developer/CommandLineTools/usr/bin/ld'
LDFLAGS=''
LD_LIBRARY_PATH=''
LD_RUN_PATH=''
LIBOBJS=''
LIBS=''
LIBTOOL='$(SHELL) $(top_builddir)/libtool'
LIPO='lipo'
LN_S='ln -s'
LOAD_HEPMC=''
LTLIBOBJS=''
MADGRAPHDIR=''
MAKEINFO='makeinfo'
MKDIR_P='./install-sh -c -d'
NM='/usr/bin/nm -B'
NMEDIT='nmedit'
OBJDUMP='objdump'
OBJEXT='o'
OTOOL64=':'
OTOOL='otool'
PACKAGE='checkmate'
PACKAGE_BUGREPORT='daschm@uni-bonn.de'
PACKAGE_NAME='CheckMATE'
PACKAGE_STRING='CheckMATE 2.0.0'
PACKAGE_TARNAME='checkmate'
PACKAGE_URL=''
PACKAGE_VERSION='2.0.0'
PATH_SEPARATOR=':'
PYTHIAINCLUDE=''
PYTHIALIBDIR=''
PYTHIALIBS='-lpythia8'
PYTHON='/anaconda3/bin/python'
PYTHON_EXEC_PREFIX='${exec_prefix}'
PYTHON_PLATFORM='darwin'
PYTHON_PREFIX='${prefix}'
PYTHON_VERSION='3.6'
RANLIB='ranlib'
ROOTAUXCFLAGS='-pthread -stdlib=libc++ -std=c++11 -m64'
ROOTAUXLIBS='-lpthread -stdlib=libc++ -lm -ldl'
ROOTCFLAGS='-I/usr/local/Cellar/root/6.12.06/include/root'
ROOTCINT='/usr/local/bin/rootcint'
ROOTCONF='/usr/local/bin/root-config'
ROOTETCDIR='/usr/local/Cellar/root/6.12.06/etc/root'
ROOTEXEC='/usr/local/bin/root'
ROOTGLIBS='-lGui -lCore -lImt -lRIO -lNet -lHist -lGraf -lGraf3d -lGpad -lTree -lTreePlayer -lRint -lPostscript -lMatrix -lPhysics -lMathCore -lThread -lMultiProc'
ROOTINCDIR='/usr/local/Cellar/root/6.12.06/include/root'
ROOTLIBDIR='/usr/local/Cellar/root/6.12.06/lib/root'
ROOTLIBS='-lCore -lImt -lRIO -lNet -lHist -lGraf -lGraf3d -lGpad -lTree -lTreePlayer -lRint -lPostscript -lMatrix -lPhysics -lMathCore -lThread -lMultiProc'
ROOTRPATH='/usr/local/Cellar/root/6.12.06/lib/root'
ROOTSOVERSION='6.12'
ROOTSYS=''
ROOTSYSTEM='/usr/local/Cellar/root/6.12.06'
ROOTVERSION='6.12/06'
SED='/usr/bin/sed'
SET_MAKE=''
SHELL='/bin/sh'
STRIP='strip'
VERSION='2.0.0'
ac_ct_CC='gcc'
ac_ct_CXX='g++'
ac_ct_DUMPBIN=''
am__EXEEXT_FALSE=''
am__EXEEXT_TRUE='#'
am__fastdepCC_FALSE='#'
am__fastdepCC_TRUE=''
am__fastdepCXX_FALSE='#'
am__fastdepCXX_TRUE=''
am__include='include'
am__isrc=''
am__leading_dot='.'
am__nodep='_no'
am__quote=''
am__tar='$${TAR-tar} chof - "$$tardir"'
am__untar='$${TAR-tar} xf -'
bindir='${exec_prefix}/bin'
build='i386-apple-darwin17.5.0'
build_alias=''
build_cpu='i386'
build_os='darwin17.5.0'
build_vendor='apple'
datadir='${datarootdir}'
datarootdir='${prefix}/share'
docdir='${datarootdir}/doc/${PACKAGE_TARNAME}'
dvidir='${docdir}'
exec_prefix='${prefix}'
host='i386-apple-darwin17.5.0'
host_alias=''
host_cpu='i386'
host_os='darwin17.5.0'
host_vendor='apple'
htmldir='${docdir}'
includedir='${prefix}/include'
infodir='${datarootdir}/info'
install_sh='${SHELL} /Users/shadowquark/code/github/checkmate/install-sh'
libdir='${exec_prefix}/lib'
libexecdir='${exec_prefix}/libexec'
localedir='${datarootdir}/locale'
localstatedir='${prefix}/var'
lt_ECHO='/bin/echo'
mandir='${datarootdir}/man'
mkdir_p='$(MKDIR_P)'
oldincludedir='/usr/include'
pdfdir='${docdir}'
pkgpyexecdir='${pyexecdir}/checkmate'
pkgpythondir='${pythondir}/checkmate'
prefix='/usr/local'
program_transform_name='s,x,x,'
psdir='${docdir}'
pyexecdir='${exec_prefix}/lib/python3.6/site-packages'
pythondir='${prefix}/lib/python3.6/site-packages'
sbindir='${exec_prefix}/sbin'
sharedstatedir='${prefix}/com'
sysconfdir='${prefix}/etc'
target_alias=''

## ----------- ##
## confdefs.h. ##
## ----------- ##

/* confdefs.h */
#define PACKAGE_NAME "CheckMATE"
#define PACKAGE_TARNAME "checkmate"
#define PACKAGE_VERSION "2.0.0"
#define PACKAGE_STRING "CheckMATE 2.0.0"
#define PACKAGE_BUGREPORT "daschm@uni-bonn.de"
#define PACKAGE_URL ""
#define PACKAGE "checkmate"
#define VERSION "2.0.0"
#define STDC_HEADERS 1
#define HAVE_SYS_TYPES_H 1
#define HAVE_SYS_STAT_H 1
#define HAVE_STDLIB_H 1
#define HAVE_STRING_H 1
#define HAVE_MEMORY_H 1
#define HAVE_STRINGS_H 1
#define HAVE_INTTYPES_H 1
#define HAVE_STDINT_H 1
#define HAVE_UNISTD_H 1
#define HAVE_DLFCN_H 1
#define LT_OBJDIR ".libs/"
#define STDC_HEADERS 1
#define HAVE_IOSTREAM 1
#define HAVE_OSTREAM 1
#define HAVE_FSTREAM 1

configure: exit 0
